#
# There is insufficient memory for the Java Runtime Environment to continue.
# Native memory allocation (malloc) failed to allocate 1048576 bytes for AllocateHeap
# Possible reasons:
#   The system is out of physical RAM or swap space
#   The process is running with CompressedOops enabled, and the Java Heap may be blocking the growth of the native heap
# Possible solutions:
#   Reduce memory load on the system
#   Increase physical memory or swap space
#   Check if swap backing store is full
#   Decrease Java heap size (-Xmx/-Xms)
#   Decrease number of Java threads
#   Decrease Java thread stack sizes (-Xss)
#   Set larger code cache with -XX:ReservedCodeCacheSize=
#   JVM is running with Unscaled Compressed Oops mode in which the Java heap is
#     placed in the first 4GB address space. The Java Heap base address is the
#     maximum limit for the native heap growth. Please use -XX:HeapBaseMinAddress
#     to set the Java Heap base and to place the Java Heap above 4GB virtual address.
# This output file may be truncated or incomplete.
#
#  Out of Memory Error (allocation.cpp:44), pid=9004, tid=4860
#
# JRE version:  (17.0.9+7) (build )
# Java VM: OpenJDK 64-Bit Server VM (17.0.9+7-b1087.9, mixed mode, sharing, tiered, compressed oops, compressed class ptrs, g1 gc, windows-amd64)
# No core dump will be written. Minidumps are not enabled by default on client versions of Windows
#

---------------  S U M M A R Y ------------

Command Line: git4idea.http.GitAskPassApp Username for 'https://github.com': 

Host: Intel(R) Core(TM) i3-4010U CPU @ 1.70GHz, 4 cores, 7G,  Windows 10 , 64 bit Build 17763 (10.0.17763.4974)
Time: Wed Jan 17 22:20:46 2024 Фінляндія (зима) elapsed time: 0.050928 seconds (0d 0h 0m 0s)

---------------  T H R E A D  ---------------

Current thread (0x000001d7c66b4ed0):  JavaThread "Unknown thread" [_thread_in_vm, id=4860, stack(0x000000108df00000,0x000000108e000000)]

Stack: [0x000000108df00000,0x000000108e000000]
Native frames: (J=compiled Java code, j=interpreted, Vv=VM code, C=native code)
V  [jvm.dll+0x688349]
V  [jvm.dll+0x841bfa]
V  [jvm.dll+0x84383e]
V  [jvm.dll+0x843ea3]
V  [jvm.dll+0x24bdef]
V  [jvm.dll+0xa6b5b]
V  [jvm.dll+0x2ebc77]
V  [jvm.dll+0x2e390b]
V  [jvm.dll+0x812771]
V  [jvm.dll+0x371d41]
V  [jvm.dll+0x7f12bc]
V  [jvm.dll+0x3f59cf]
V  [jvm.dll+0x3f7601]
C  [jli.dll+0x528f]
C  [ucrtbase.dll+0x2268a]
C  [KERNEL32.DLL+0x17ac4]
C  [ntdll.dll+0x5a4e1]


---------------  P R O C E S S  ---------------

Threads class SMR info:
_java_thread_list=0x00007ffc3c75df18, length=0, elements={
}

Java Threads: ( => current thread )

Other Threads:
  0x000001d7c6710030 GCTaskThread "GC Thread#0" [stack: 0x000000108e000000,0x000000108e100000] [id=8752]

[error occurred during error reporting (printing all threads), id 0xc0000005, EXCEPTION_ACCESS_VIOLATION (0xc0000005) at pc=0x00007ffc3bf10bc0]

VM state: not at safepoint (not fully initialized)

VM Mutex/Monitor currently owned by a thread:  ([mutex/lock_event])
[0x000001d7c66afb60] Heap_lock - owner thread: 0x000001d7c66b4ed0

Heap address: 0x0000000081c00000, size: 2020 MB, Compressed Oops mode: 32-bit

CDS archive(s) mapped at: [0x0000000000000000-0x0000000000000000-0x0000000000000000), size 0, SharedBaseAddress: 0x0000000800000000, ArchiveRelocationMode: 1.
Narrow klass base: 0x0000000000000000, Narrow klass shift: 0, Narrow klass range: 0x0

GC Precious Log:
<Empty>

Heap:
 garbage-first heap   total 0K, used 0K [0x0000000081c00000, 0x0000000100000000)
  region size 1024K, 0 young (0K), 0 survivors (0K)
 Metaspace       used 0K, committed 0K, reserved 0K
  class space    used 0K, committed 0K, reserved 0K

Heap Regions: E=young(eden), S=young(survivor), O=old, HS=humongous(starts), HC=humongous(continues), CS=collection set, F=free, OA=open archive, CA=closed archive, TAMS=top-at-mark-start (previous, next)

Card table byte_map: [0x000001d7db020000,0x000001d7db420000] _byte_map_base: 0x000001d7dac12000

GC Heap History (0 events):
No events

Dll operation events (1 events):
Event: 0.006 Loaded shared library C:\Program Files\JetBrains\PyCharm 2023.3.2\jbr\bin\java.dll

Deoptimization events (0 events):
No events

Classes unloaded (0 events):
No events

Classes redefined (0 events):
No events

Internal exceptions (0 events):
No events

VM Operations (0 events):
No events

Events (0 events):
No events


Dynamic libraries:
0x00007ff7c41f0000 - 0x00007ff7c41fa000 	C:\Program Files\JetBrains\PyCharm 2023.3.2\jbr\bin\java.exe
0x00007ffc926e0000 - 0x00007ffc928ce000 	C:\Windows\SYSTEM32\ntdll.dll
0x00007ffc902d0000 - 0x00007ffc90383000 	C:\Windows\System32\KERNEL32.DLL
0x00007ffc8ebf0000 - 0x00007ffc8ee8d000 	C:\Windows\System32\KERNELBASE.dll
0x00007ffc8eaf0000 - 0x00007ffc8ebea000 	C:\Windows\System32\ucrtbase.dll
0x00007ffc80840000 - 0x00007ffc80857000 	C:\Program Files\JetBrains\PyCharm 2023.3.2\jbr\bin\jli.dll
0x00007ffc72080000 - 0x00007ffc7209b000 	C:\Program Files\JetBrains\PyCharm 2023.3.2\jbr\bin\VCRUNTIME140.dll
0x00007ffc92490000 - 0x00007ffc92627000 	C:\Windows\System32\USER32.dll
0x00007ffc8ea20000 - 0x00007ffc8ea40000 	C:\Windows\System32\win32u.dll
0x00007ffc7f5e0000 - 0x00007ffc7f859000 	C:\Windows\WinSxS\amd64_microsoft.windows.common-controls_6595b64144ccf1df_6.0.17763.4974_none_de748dce53484fa6\COMCTL32.dll
0x00007ffc926b0000 - 0x00007ffc926d9000 	C:\Windows\System32\GDI32.dll
0x00007ffc91c10000 - 0x00007ffc91cae000 	C:\Windows\System32\msvcrt.dll
0x00007ffc8e870000 - 0x00007ffc8ea1b000 	C:\Windows\System32\gdi32full.dll
0x00007ffc8f8a0000 - 0x00007ffc8f940000 	C:\Windows\System32\msvcp_win.dll
0x00007ffc92140000 - 0x00007ffc9246b000 	C:\Windows\System32\combase.dll
0x00007ffc91af0000 - 0x00007ffc91c0e000 	C:\Windows\System32\RPCRT4.dll
0x00007ffc8f810000 - 0x00007ffc8f892000 	C:\Windows\System32\bcryptPrimitives.dll
0x00007ffc91d20000 - 0x00007ffc91d4e000 	C:\Windows\System32\IMM32.DLL
0x00007ffc809d0000 - 0x00007ffc809dc000 	C:\Program Files\JetBrains\PyCharm 2023.3.2\jbr\bin\vcruntime140_1.dll
0x00007ffc397d0000 - 0x00007ffc3985d000 	C:\Program Files\JetBrains\PyCharm 2023.3.2\jbr\bin\msvcp140.dll
0x00007ffc3bc20000 - 0x00007ffc3c8a2000 	C:\Program Files\JetBrains\PyCharm 2023.3.2\jbr\bin\server\jvm.dll
0x00007ffc91ec0000 - 0x00007ffc91f67000 	C:\Windows\System32\ADVAPI32.dll
0x00007ffc91e10000 - 0x00007ffc91eaf000 	C:\Windows\System32\sechost.dll
0x00007ffc8e6e0000 - 0x00007ffc8e73d000 	C:\Windows\System32\POWRPROF.dll
0x00007ffc8a860000 - 0x00007ffc8a884000 	C:\Windows\SYSTEM32\WINMM.dll
0x00007ffc8a410000 - 0x00007ffc8a419000 	C:\Windows\SYSTEM32\WSOCK32.dll
0x00007ffc8a6d0000 - 0x00007ffc8a6da000 	C:\Windows\SYSTEM32\VERSION.dll
0x00007ffc91cb0000 - 0x00007ffc91d1d000 	C:\Windows\System32\WS2_32.dll
0x00007ffc8a830000 - 0x00007ffc8a85d000 	C:\Windows\SYSTEM32\WINMMBASE.dll
0x00007ffc8e820000 - 0x00007ffc8e86a000 	C:\Windows\System32\cfgmgr32.dll
0x00007ffc8e770000 - 0x00007ffc8e781000 	C:\Windows\System32\kernel.appcore.dll
0x00007ffc8a350000 - 0x00007ffc8a35a000 	C:\Program Files\JetBrains\PyCharm 2023.3.2\jbr\bin\jimage.dll
0x00007ffc8d020000 - 0x00007ffc8d20d000 	C:\Windows\SYSTEM32\DBGHELP.DLL
0x00007ffc7b8d0000 - 0x00007ffc7b8fa000 	C:\Windows\SYSTEM32\dbgcore.DLL
0x00007ffc80990000 - 0x00007ffc809b5000 	C:\Program Files\JetBrains\PyCharm 2023.3.2\jbr\bin\java.dll

dbghelp: loaded successfully - version: 4.0.5 - missing functions: none
symbol engine: initialized successfully - sym options: 0x614 - pdb path: .;C:\Program Files\JetBrains\PyCharm 2023.3.2\jbr\bin;C:\Windows\SYSTEM32;C:\Windows\WinSxS\amd64_microsoft.windows.common-controls_6595b64144ccf1df_6.0.17763.4974_none_de748dce53484fa6;C:\Program Files\JetBrains\PyCharm 2023.3.2\jbr\bin\server

VM Arguments:
java_command: git4idea.http.GitAskPassApp Username for 'https://github.com': 
java_class_path (initial): C:/Program Files/JetBrains/PyCharm 2023.3.2/plugins/vcs-git/lib/git4idea-rt.jar;C:/Program Files/JetBrains/PyCharm 2023.3.2/lib/externalProcess-rt.jar
Launcher Type: SUN_STANDARD

[Global flags]
     intx CICompilerCount                          = 3                                         {product} {ergonomic}
     uint ConcGCThreads                            = 1                                         {product} {ergonomic}
     uint G1ConcRefinementThreads                  = 4                                         {product} {ergonomic}
   size_t G1HeapRegionSize                         = 1048576                                   {product} {ergonomic}
    uintx GCDrainStackTargetSize                   = 64                                        {product} {ergonomic}
   size_t InitialHeapSize                          = 134217728                                 {product} {ergonomic}
   size_t MarkStackSize                            = 4194304                                   {product} {ergonomic}
   size_t MaxHeapSize                              = 2118123520                                {product} {ergonomic}
   size_t MinHeapDeltaBytes                        = 1048576                                   {product} {ergonomic}
   size_t MinHeapSize                              = 8388608                                   {product} {ergonomic}
    uintx NonNMethodCodeHeapSize                   = 5832780                                {pd product} {ergonomic}
    uintx NonProfiledCodeHeapSize                  = 122912730                              {pd product} {ergonomic}
    uintx ProfiledCodeHeapSize                     = 122912730                              {pd product} {ergonomic}
    uintx ReservedCodeCacheSize                    = 251658240                              {pd product} {ergonomic}
     bool SegmentedCodeCache                       = true                                      {product} {ergonomic}
   size_t SoftMaxHeapSize                          = 2118123520                             {manageable} {ergonomic}
     bool UseCompressedClassPointers               = true                           {product lp64_product} {ergonomic}
     bool UseCompressedOops                        = true                           {product lp64_product} {ergonomic}
     bool UseG1GC                                  = true                                      {product} {ergonomic}
     bool UseLargePagesIndividualAllocation        = false                                  {pd product} {ergonomic}

Logging:
Log output configuration:
 #0: stdout all=warning uptime,level,tags
 #1: stderr all=off uptime,level,tags

Environment Variables:
PATH=D:\Git\mingw64\libexec\git-core;D:\Git\mingw64\libexec\git-core;D:\Git\mingw64\bin;D:\Git\usr\bin;C:\Users\Rostyslav\bin;C:\Windows\system32;C:\Windows;C:\Windows\System32\Wbem;C:\Windows\System32\WindowsPowerShell\v1.0;C:\Program Files (x86)\NVIDIA Corporation\PhysX\Common;C:\Program Files (x86)\AOMEI\AOMEI Backupper\7.3.3(1);C:\Program Files\Cloudflare\Cloudflare WARP;D:\Git\cmd;C:\Users\Rostyslav\AppData\Local\Programs\Python\Launcher;C:\Users\Rostyslav\AppData\Local\Microsoft\WindowsApps;C:\Program Files\JetBrains\PyCharm Community Edition 2023.2.3\bin;C:\Users\Rostyslav\AppData\Local\GitHubDesktop\bin;C:\Program Files\JetBrains\PyCharm 2023.3.2\bin
USERNAME=Rostyslav
DISPLAY=:0.0
LC_ALL=en_US.UTF-8
TERM=xterm-256color
TMPDIR=C:\Temp
OS=Windows_NT
PROCESSOR_IDENTIFIER=Intel64 Family 6 Model 69 Stepping 1, GenuineIntel
TMP=C:\Temp
TEMP=C:\Temp



Periodic native trim disabled

JNI global refs:
JNI global refs: 0, weak refs: 0

JNI global refs memory usage: 0, weak refs: 0

OOME stack traces (most recent first):
Classloader memory used:


---------------  S Y S T E M  ---------------

OS:
 Windows 10 , 64 bit Build 17763 (10.0.17763.4974)
OS uptime: 0 days 6:19 hours

CPU: total 4 (initial active 4) (2 cores per cpu, 2 threads per core) family 6 model 69 stepping 1 microcode 0x26, cx8, cmov, fxsr, ht, mmx, sse, sse2, sse3, ssse3, sse4.1, sse4.2, popcnt, lzcnt, tsc, tscinvbit, avx, avx2, aes, erms, clmul, bmi1, bmi2, fma, vzeroupper, clflush
Processor Information for all 4 processors :
  Max Mhz: 1701, Current Mhz: 1700, Mhz Limit: 1683

Memory: 4k page, system-wide physical 8075M (464M free)
TotalPageFile size 8075M (AvailPageFile size 5M)
current process WorkingSet (physical memory assigned to process): 10M, peak: 10M
current process commit charge ("private bytes"): 47M, peak: 48M

vm_info: OpenJDK 64-Bit Server VM (17.0.9+7-b1087.9) for windows-amd64 JRE (17.0.9+7-b1087.9), built on 2023-12-05 by "builduser" with MS VC++ 16.10 / 16.11 (VS2019)

END.
